<?xml version="1.0" encoding="UTF-8"?>
<testsuites name="jest tests" tests="7" failures="0" time="0.317">
  <testsuite name="" errors="0" failures="0" skipped="0" timestamp="2023-03-02T14:05:23" time="0.31" tests="7">
    <testcase classname=" Poprawnie ustawiono domyślną nazwę" name=" Poprawnie ustawiono domyślną nazwę" time="0.001">
    </testcase>
    <testcase classname=" Poprawnie ustawiono domyślny kolor" name=" Poprawnie ustawiono domyślny kolor" time="0">
    </testcase>
    <testcase classname=" Poprawnie ustawiono domyślną słodkość" name=" Poprawnie ustawiono domyślną słodkość" time="0">
    </testcase>
    <testcase classname=" Poprawnie ustawiono słodkość jeżeli większa niż zakres" name=" Poprawnie ustawiono słodkość jeżeli większa niż zakres" time="0">
    </testcase>
    <testcase classname=" Poprawnie ustawiono słodkość jeżeli mniejsza niż zakres" name=" Poprawnie ustawiono słodkość jeżeli mniejsza niż zakres" time="0">
    </testcase>
    <testcase classname=" Poprawnie ustawiono domyślny goodForCider" name=" Poprawnie ustawiono domyślny goodForCider" time="0">
    </testcase>
    <testcase classname=" Poprawnie ustawiono domyślny goodForJuice" name=" Poprawnie ustawiono domyślny goodForJuice" time="0">
    </testcase>
  </testsuite>
</testsuites>